<?xml version="1.0" encoding="UTF-8"?>
<!-- Generated by org.testng.reporters.JUnitReportReporter -->
<testsuite skipped="0" hostname="Aarush-PC" name="com.crm.qa.testcases.LoginPageTest" tests="3" failures="0" timestamp="03 May 2018 13:26:50 GMT" time="62.263" errors="0">
  <testcase name="loginPageTitleTest" time="18.526" classname="com.crm.qa.testcases.LoginPageTest"/>
  <testcase name="crmLogoImageTest" time="12.401" classname="com.crm.qa.testcases.LoginPageTest"/>
  <testcase name="loginTest" time="31.336" classname="com.crm.qa.testcases.LoginPageTest"/>
</testsuite> <!-- com.crm.qa.testcases.LoginPageTest -->
