<?xml version="1.0" encoding="UTF-8"?>
<!-- Generated by org.testng.reporters.JUnitReportReporter -->
<testsuite skipped="0" hostname="Aarush-PC" name="com.crm.qa.testcases.Rough" tests="1" failures="0" timestamp="17 May 2018 04:38:28 GMT" time="26.048" errors="0">
  <testcase name="roughtest" time="26.048" classname="com.crm.qa.testcases.Rough"/>
</testsuite> <!-- com.crm.qa.testcases.Rough -->
