<?xml version="1.0" encoding="UTF-8"?>
<!-- Generated by org.testng.reporters.JUnitReportReporter -->
<testsuite skipped="0" hostname="Aarush-PC" name="com.crm.qa.testcases.DealsPageTest" tests="3" failures="0" timestamp="17 May 2018 05:22:27 GMT" time="152.401" errors="0">
  <testcase name="verifyDealsLabelTest" time="21.124" classname="com.crm.qa.testcases.DealsPageTest"/>
  <testcase name="createNewDealTest" time="31.238" classname="com.crm.qa.testcases.DealsPageTest"/>
  <testcase name="createNewDealTest" time="100.039" classname="com.crm.qa.testcases.DealsPageTest"/>
</testsuite> <!-- com.crm.qa.testcases.DealsPageTest -->
