<?xml version="1.0" encoding="UTF-8"?>
<!-- Generated by org.testng.reporters.JUnitReportReporter -->
<testsuite skipped="0" hostname="Aarush-PC" name="com.crm.qa.util.TestUtil" tests="1" failures="0" timestamp="22 Apr 2018 06:18:44 GMT" time="1.279" errors="0">
  <testcase name="getTestData" time="1.279" classname="com.crm.qa.util.TestUtil"/>
</testsuite> <!-- com.crm.qa.util.TestUtil -->
