<?xml version="1.0" encoding="UTF-8"?>
<!-- Generated by org.testng.reporters.JUnitReportReporter -->
<testsuite skipped="0" hostname="Aarush-PC" name="com.crm.qa.testcases.TasksPageTest" tests="1" failures="0" timestamp="17 May 2018 11:40:39 GMT" time="30.725" errors="0">
  <testcase name="createNewTaskTest" time="30.725" classname="com.crm.qa.testcases.TasksPageTest"/>
</testsuite> <!-- com.crm.qa.testcases.TasksPageTest -->
