<?xml version="1.0" encoding="UTF-8"?>
<!-- Generated by org.testng.reporters.JUnitReportReporter -->
<testsuite skipped="0" hostname="Aarush-PC" name="com.crm.qa.testcases.DealsPageTest" tests="3" failures="0" timestamp="27 Apr 2018 11:21:14 GMT" time="81.364" errors="0">
  <testcase name="verifyDealsLabelTest" time="28.449" classname="com.crm.qa.testcases.DealsPageTest"/>
  <testcase name="createNewDealTest" time="27.325" classname="com.crm.qa.testcases.DealsPageTest"/>
  <testcase name="createNewDealTest" time="25.590" classname="com.crm.qa.testcases.DealsPageTest"/>
</testsuite> <!-- com.crm.qa.testcases.DealsPageTest -->
