<?xml version="1.0" encoding="UTF-8"?>
<!-- Generated by org.testng.reporters.JUnitReportReporter -->
<testsuite skipped="0" hostname="Aarush-PC" name="com.crm.qa.testcases.DealsPageTest" tests="3" failures="0" timestamp="28 Apr 2018 06:39:41 GMT" time="103.833" errors="0">
  <testcase name="verifyDealsLabelTest" time="24.869" classname="com.crm.qa.testcases.DealsPageTest"/>
  <testcase name="createNewDealTest" time="31.315" classname="com.crm.qa.testcases.DealsPageTest"/>
  <testcase name="createNewDealTest" time="47.649" classname="com.crm.qa.testcases.DealsPageTest"/>
</testsuite> <!-- com.crm.qa.testcases.DealsPageTest -->
