<?xml version="1.0" encoding="UTF-8"?>
<!-- Generated by org.testng.reporters.JUnitReportReporter -->
<testsuite skipped="0" hostname="Aarush-PC" name="com.crm.qa.testcases.ContactPageTest" tests="3" failures="0" timestamp="28 Apr 2018 06:39:41 GMT" time="99.073" errors="0">
  <testcase name="verifyContactLabelTest" time="28.301" classname="com.crm.qa.testcases.ContactPageTest"/>
  <testcase name="createNewContactTest" time="34.358" classname="com.crm.qa.testcases.ContactPageTest"/>
  <testcase name="createNewContactTest" time="36.414" classname="com.crm.qa.testcases.ContactPageTest"/>
</testsuite> <!-- com.crm.qa.testcases.ContactPageTest -->
