<?xml version="1.0" encoding="UTF-8"?>
<!-- Generated by org.testng.reporters.JUnitReportReporter -->
<testsuite skipped="0" hostname="Aarush-PC" name="com.crm.qa.testcases.HomePageTest" tests="3" failures="0" timestamp="27 Apr 2018 12:50:32 GMT" time="94.264" errors="0">
  <testcase name="verifyHomePageTitleTest" time="39.874" classname="com.crm.qa.testcases.HomePageTest"/>
  <testcase name="verifyUserNameLabelTest" time="28.558" classname="com.crm.qa.testcases.HomePageTest"/>
  <testcase name="verifyContactsLinkTest" time="25.832" classname="com.crm.qa.testcases.HomePageTest"/>
</testsuite> <!-- com.crm.qa.testcases.HomePageTest -->
