<?xml version="1.0" encoding="UTF-8"?>
<!-- Generated by org.testng.reporters.JUnitReportReporter -->
<testsuite skipped="0" hostname="Aarush-PC" name="com.crm.qa.testcases.HomePageTest" tests="3" failures="0" timestamp="28 Apr 2018 06:39:41 GMT" time="88.247" errors="0">
  <testcase name="verifyHomePageTitleTest" time="28.187" classname="com.crm.qa.testcases.HomePageTest"/>
  <testcase name="verifyUserNameLabelTest" time="29.161" classname="com.crm.qa.testcases.HomePageTest"/>
  <testcase name="verifyContactsLinkTest" time="30.899" classname="com.crm.qa.testcases.HomePageTest"/>
</testsuite> <!-- com.crm.qa.testcases.HomePageTest -->
