<?xml version="1.0" encoding="UTF-8"?>
<!-- Generated by org.testng.reporters.JUnitReportReporter -->
<testsuite skipped="0" hostname="Aarush-PC" name="com.crm.qa.testcases.LoginPageTest" tests="3" failures="0" timestamp="28 Apr 2018 06:39:41 GMT" time="54.362" errors="0">
  <testcase name="loginPageTitleTest" time="13.337" classname="com.crm.qa.testcases.LoginPageTest"/>
  <testcase name="crmLogoImageTest" time="13.017" classname="com.crm.qa.testcases.LoginPageTest"/>
  <testcase name="loginTest" time="28.008" classname="com.crm.qa.testcases.LoginPageTest"/>
</testsuite> <!-- com.crm.qa.testcases.LoginPageTest -->
