<?xml version="1.0" encoding="UTF-8"?>
<!-- Generated by org.testng.reporters.JUnitReportReporter -->
<testsuite skipped="0" hostname="Aarush-PC" name="com.crm.qa.testcases.DealsPageTest" tests="3" failures="0" timestamp="27 Apr 2018 12:50:32 GMT" time="95.456" errors="0">
  <testcase name="verifyDealsLabelTest" time="27.756" classname="com.crm.qa.testcases.DealsPageTest"/>
  <testcase name="createNewDealTest" time="36.418" classname="com.crm.qa.testcases.DealsPageTest"/>
  <testcase name="createNewDealTest" time="31.282" classname="com.crm.qa.testcases.DealsPageTest"/>
</testsuite> <!-- com.crm.qa.testcases.DealsPageTest -->
